<?xml version="1.0" encoding="UTF-8" ?>
<testsuite tests="6" failures="0" name="br.com.salomaotech.sistema.jpa.RepositoryTest" time="0.117" errors="0" skipped="0">
  <properties>
[...]
</properties>
  <testcase classname="br.com.salomaotech.sistema.jpa.RepositoryTest" name="testDeleteTodos" time="0.093"/>
  <testcase classname="br.com.salomaotech.sistema.jpa.RepositoryTest" name="testCountTodos" time="0.012"/>
  <testcase classname="br.com.salomaotech.sistema.jpa.RepositoryTest" name="testSave" time="0.001"/>
  <testcase classname="br.com.salomaotech.sistema.jpa.RepositoryTest" name="testFindById" time="0.002"/>
  <testcase classname="br.com.salomaotech.sistema.jpa.RepositoryTest" name="testDelete" time="0.007"/>
  <testcase classname="br.com.salomaotech.sistema.jpa.RepositoryTest" name="testGetResults" time="0.002"/>
</testsuite>